2024-11-07 13:57:16.429 [background-preinit] INFO  o.h.validator.internal.util.Version - HV000001: Hibernate Validator 8.0.1.Final
2024-11-07 13:57:16.506 [restartedMain] INFO  c.h.onlinebooking.ui.UiApplication - Starting UiApplication using Java 21.0.4 with PID 9100 (D:\hbo\study\2024\Project\hotel-booking\ui-service\build\classes\java\main started by hbo in D:\hbo\study\2024\Project\hotel-booking)
2024-11-07 13:57:16.507 [restartedMain] INFO  c.h.onlinebooking.ui.UiApplication - No active profile set, falling back to 1 default profile: "default"
2024-11-07 13:57:16.583 [restartedMain] INFO  o.s.b.d.restart.ChangeableUrls - The Class-Path manifest attribute in C:\Users\hbo\.gradle\caches\modules-2\files-2.1\org.glassfish.hk2\hk2\3.0.6\12187beb6321e6a7fdc2ef4d196e16c8c58a3a1\hk2-3.0.6.jar referenced one or more files that do not exist: file:/C:/Users/hbo/.gradle/caches/modules-2/files-2.1/org.glassfish.hk2/hk2/3.0.6/12187beb6321e6a7fdc2ef4d196e16c8c58a3a1/hk2-utils.jar,file:/C:/Users/hbo/.gradle/caches/modules-2/files-2.1/org.glassfish.hk2/hk2/3.0.6/12187beb6321e6a7fdc2ef4d196e16c8c58a3a1/jakarta.annotation-api.jar,file:/C:/Users/hbo/.gradle/caches/modules-2/files-2.1/org.glassfish.hk2/hk2/3.0.6/12187beb6321e6a7fdc2ef4d196e16c8c58a3a1/jakarta.inject-api.jar,file:/C:/Users/hbo/.gradle/caches/modules-2/files-2.1/org.glassfish.hk2/hk2/3.0.6/12187beb6321e6a7fdc2ef4d196e16c8c58a3a1/hk2-api.jar,file:/C:/Users/hbo/.gradle/caches/modules-2/files-2.1/org.glassfish.hk2/hk2/3.0.6/12187beb6321e6a7fdc2ef4d196e16c8c58a3a1/aopalliance-repackaged.jar,file:/C:/Users/hbo/.gradle/caches/modules-2/files-2.1/org.glassfish.hk2/hk2/3.0.6/12187beb6321e6a7fdc2ef4d196e16c8c58a3a1/hk2-core.jar,file:/C:/Users/hbo/.gradle/caches/modules-2/files-2.1/org.glassfish.hk2/hk2/3.0.6/12187beb6321e6a7fdc2ef4d196e16c8c58a3a1/hk2-locator.jar,file:/C:/Users/hbo/.gradle/caches/modules-2/files-2.1/org.glassfish.hk2/hk2/3.0.6/12187beb6321e6a7fdc2ef4d196e16c8c58a3a1/javassist.jar,file:/C:/Users/hbo/.gradle/caches/modules-2/files-2.1/org.glassfish.hk2/hk2/3.0.6/12187beb6321e6a7fdc2ef4d196e16c8c58a3a1/hk2-runlevel.jar,file:/C:/Users/hbo/.gradle/caches/modules-2/files-2.1/org.glassfish.hk2/hk2/3.0.6/12187beb6321e6a7fdc2ef4d196e16c8c58a3a1/class-model.jar,file:/C:/Users/hbo/.gradle/caches/modules-2/files-2.1/org.glassfish.hk2/hk2/3.0.6/12187beb6321e6a7fdc2ef4d196e16c8c58a3a1/asm.jar,file:/C:/Users/hbo/.gradle/caches/modules-2/files-2.1/org.glassfish.hk2/hk2/3.0.6/12187beb6321e6a7fdc2ef4d196e16c8c58a3a1/asm-analysis.jar,file:/C:/Users/hbo/.gradle/caches/modules-2/files-2.1/org.glassfish.hk2/hk2/3.0.6/12187beb6321e6a7fdc2ef4d196e16c8c58a3a1/asm-commons.jar,file:/C:/Users/hbo/.gradle/caches/modules-2/files-2.1/org.glassfish.hk2/hk2/3.0.6/12187beb6321e6a7fdc2ef4d196e16c8c58a3a1/asm-tree.jar,file:/C:/Users/hbo/.gradle/caches/modules-2/files-2.1/org.glassfish.hk2/hk2/3.0.6/12187beb6321e6a7fdc2ef4d196e16c8c58a3a1/asm-util.jar
2024-11-07 13:57:16.583 [restartedMain] INFO  o.s.b.d.e.DevToolsPropertyDefaultsPostProcessor - Devtools property defaults active! Set 'spring.devtools.add-properties' to 'false' to disable
2024-11-07 13:57:16.583 [restartedMain] INFO  o.s.b.d.e.DevToolsPropertyDefaultsPostProcessor - For additional web related logging consider setting the 'logging.level.web' property to 'DEBUG'
2024-11-07 13:57:18.259 [restartedMain] INFO  o.s.d.r.c.RepositoryConfigurationDelegate - Bootstrapping Spring Data JPA repositories in DEFAULT mode.
2024-11-07 13:57:18.303 [restartedMain] INFO  o.s.d.r.c.RepositoryConfigurationDelegate - Finished Spring Data repository scanning in 37 ms. Found 0 JPA repository interfaces.
2024-11-07 13:57:19.651 [restartedMain] INFO  o.s.b.w.e.tomcat.TomcatWebServer - Tomcat initialized with port 80 (http)
2024-11-07 13:57:19.663 [restartedMain] INFO  o.a.coyote.http11.Http11NioProtocol - Initializing ProtocolHandler ["http-nio-80"]
2024-11-07 13:57:19.666 [restartedMain] INFO  o.a.catalina.core.StandardService - Starting service [Tomcat]
2024-11-07 13:57:19.666 [restartedMain] INFO  o.a.catalina.core.StandardEngine - Starting Servlet engine: [Apache Tomcat/10.1.30]
2024-11-07 13:57:19.731 [restartedMain] INFO  o.a.c.c.C.[Tomcat].[localhost].[/] - Initializing Spring embedded WebApplicationContext
2024-11-07 13:57:19.731 [restartedMain] INFO  o.s.b.w.s.c.ServletWebServerApplicationContext - Root WebApplicationContext: initialization completed in 3147 ms
2024-11-07 13:57:19.927 [restartedMain] INFO  com.zaxxer.hikari.HikariDataSource - HikariPool-1 - Starting...
2024-11-07 13:57:20.125 [restartedMain] INFO  com.zaxxer.hikari.pool.HikariPool - HikariPool-1 - Added connection conn0: url=jdbc:h2:mem:b4bb8955-281b-4793-a7d8-d1a7f8648b4c user=SA
2024-11-07 13:57:20.126 [restartedMain] INFO  com.zaxxer.hikari.HikariDataSource - HikariPool-1 - Start completed.
2024-11-07 13:57:20.136 [restartedMain] INFO  o.s.b.a.h.H2ConsoleAutoConfiguration - H2 console available at '/h2-console'. Database available at 'jdbc:h2:mem:b4bb8955-281b-4793-a7d8-d1a7f8648b4c'
2024-11-07 13:57:20.557 [restartedMain] INFO  o.h.jpa.internal.util.LogHelper - HHH000204: Processing PersistenceUnitInfo [name: default]
2024-11-07 13:57:20.672 [restartedMain] INFO  org.hibernate.Version - HHH000412: Hibernate ORM core version 6.5.3.Final
2024-11-07 13:57:20.724 [restartedMain] INFO  o.h.c.i.RegionFactoryInitiator - HHH000026: Second-level cache disabled
2024-11-07 13:57:21.405 [restartedMain] INFO  o.s.o.j.p.SpringPersistenceUnitInfo - No LoadTimeWeaver setup: ignoring JPA class transformer
2024-11-07 13:57:22.304 [restartedMain] INFO  o.h.e.t.j.p.i.JtaPlatformInitiator - HHH000489: No JTA platform available (set 'hibernate.transaction.jta.platform' to enable JTA platform integration)
2024-11-07 13:57:22.312 [restartedMain] INFO  o.s.o.j.LocalContainerEntityManagerFactoryBean - Initialized JPA EntityManagerFactory for persistence unit 'default'
2024-11-07 13:57:22.520 [restartedMain] WARN  o.s.b.a.o.j.JpaBaseConfiguration$JpaWebConfiguration - spring.jpa.open-in-view is enabled by default. Therefore, database queries may be performed during view rendering. Explicitly configure spring.jpa.open-in-view to disable this warning
2024-11-07 13:57:22.715 [restartedMain] INFO  o.s.b.a.w.s.WelcomePageHandlerMapping - Adding welcome page: class path resource [static/index.html]
2024-11-07 13:57:23.432 [restartedMain] INFO  o.s.b.a.e.web.EndpointLinksResolver - Exposing 1 endpoint beneath base path '/actuator'
2024-11-07 13:57:26.311 [restartedMain] INFO  o.s.b.d.a.OptionalLiveReloadServer - LiveReload server is running on port 35729
2024-11-07 13:57:26.444 [restartedMain] INFO  o.a.coyote.http11.Http11NioProtocol - Starting ProtocolHandler ["http-nio-80"]
2024-11-07 13:57:26.483 [restartedMain] INFO  o.s.b.w.e.tomcat.TomcatWebServer - Tomcat started on port 80 (http) with context path '/'
2024-11-07 13:57:26.508 [restartedMain] INFO  c.h.onlinebooking.ui.UiApplication - Started UiApplication in 10.63 seconds (process running for 12.025)
2024-11-07 13:57:27.218 [RMI TCP Connection(1)-10.84.5.73] INFO  o.a.c.c.C.[Tomcat].[localhost].[/] - Initializing Spring DispatcherServlet 'dispatcherServlet'
2024-11-07 13:57:27.218 [RMI TCP Connection(1)-10.84.5.73] INFO  o.s.web.servlet.DispatcherServlet - Initializing Servlet 'dispatcherServlet'
2024-11-07 13:57:27.220 [RMI TCP Connection(1)-10.84.5.73] INFO  o.s.web.servlet.DispatcherServlet - Completed initialization in 2 ms
2024-11-07 14:39:42.574 [background-preinit] INFO  o.h.validator.internal.util.Version - HV000001: Hibernate Validator 8.0.1.Final
2024-11-07 14:39:42.588 [restartedMain] INFO  c.h.onlinebooking.ui.UiApplication - Starting UiApplication using Java 21.0.4 with PID 47884 (D:\hbo\study\2024\Project\hotel-booking\ui-service\build\classes\java\main started by hbo in D:\hbo\study\2024\Project\hotel-booking)
2024-11-07 14:39:42.588 [restartedMain] INFO  c.h.onlinebooking.ui.UiApplication - No active profile set, falling back to 1 default profile: "default"
2024-11-07 14:39:42.652 [restartedMain] INFO  o.s.b.d.restart.ChangeableUrls - The Class-Path manifest attribute in C:\Users\hbo\.gradle\caches\modules-2\files-2.1\org.glassfish.hk2\hk2\3.0.6\12187beb6321e6a7fdc2ef4d196e16c8c58a3a1\hk2-3.0.6.jar referenced one or more files that do not exist: file:/C:/Users/hbo/.gradle/caches/modules-2/files-2.1/org.glassfish.hk2/hk2/3.0.6/12187beb6321e6a7fdc2ef4d196e16c8c58a3a1/hk2-utils.jar,file:/C:/Users/hbo/.gradle/caches/modules-2/files-2.1/org.glassfish.hk2/hk2/3.0.6/12187beb6321e6a7fdc2ef4d196e16c8c58a3a1/jakarta.annotation-api.jar,file:/C:/Users/hbo/.gradle/caches/modules-2/files-2.1/org.glassfish.hk2/hk2/3.0.6/12187beb6321e6a7fdc2ef4d196e16c8c58a3a1/jakarta.inject-api.jar,file:/C:/Users/hbo/.gradle/caches/modules-2/files-2.1/org.glassfish.hk2/hk2/3.0.6/12187beb6321e6a7fdc2ef4d196e16c8c58a3a1/hk2-api.jar,file:/C:/Users/hbo/.gradle/caches/modules-2/files-2.1/org.glassfish.hk2/hk2/3.0.6/12187beb6321e6a7fdc2ef4d196e16c8c58a3a1/aopalliance-repackaged.jar,file:/C:/Users/hbo/.gradle/caches/modules-2/files-2.1/org.glassfish.hk2/hk2/3.0.6/12187beb6321e6a7fdc2ef4d196e16c8c58a3a1/hk2-core.jar,file:/C:/Users/hbo/.gradle/caches/modules-2/files-2.1/org.glassfish.hk2/hk2/3.0.6/12187beb6321e6a7fdc2ef4d196e16c8c58a3a1/hk2-locator.jar,file:/C:/Users/hbo/.gradle/caches/modules-2/files-2.1/org.glassfish.hk2/hk2/3.0.6/12187beb6321e6a7fdc2ef4d196e16c8c58a3a1/javassist.jar,file:/C:/Users/hbo/.gradle/caches/modules-2/files-2.1/org.glassfish.hk2/hk2/3.0.6/12187beb6321e6a7fdc2ef4d196e16c8c58a3a1/hk2-runlevel.jar,file:/C:/Users/hbo/.gradle/caches/modules-2/files-2.1/org.glassfish.hk2/hk2/3.0.6/12187beb6321e6a7fdc2ef4d196e16c8c58a3a1/class-model.jar,file:/C:/Users/hbo/.gradle/caches/modules-2/files-2.1/org.glassfish.hk2/hk2/3.0.6/12187beb6321e6a7fdc2ef4d196e16c8c58a3a1/asm.jar,file:/C:/Users/hbo/.gradle/caches/modules-2/files-2.1/org.glassfish.hk2/hk2/3.0.6/12187beb6321e6a7fdc2ef4d196e16c8c58a3a1/asm-analysis.jar,file:/C:/Users/hbo/.gradle/caches/modules-2/files-2.1/org.glassfish.hk2/hk2/3.0.6/12187beb6321e6a7fdc2ef4d196e16c8c58a3a1/asm-commons.jar,file:/C:/Users/hbo/.gradle/caches/modules-2/files-2.1/org.glassfish.hk2/hk2/3.0.6/12187beb6321e6a7fdc2ef4d196e16c8c58a3a1/asm-tree.jar,file:/C:/Users/hbo/.gradle/caches/modules-2/files-2.1/org.glassfish.hk2/hk2/3.0.6/12187beb6321e6a7fdc2ef4d196e16c8c58a3a1/asm-util.jar
2024-11-07 14:39:42.652 [restartedMain] INFO  o.s.b.d.e.DevToolsPropertyDefaultsPostProcessor - Devtools property defaults active! Set 'spring.devtools.add-properties' to 'false' to disable
2024-11-07 14:39:42.652 [restartedMain] INFO  o.s.b.d.e.DevToolsPropertyDefaultsPostProcessor - For additional web related logging consider setting the 'logging.level.web' property to 'DEBUG'
2024-11-07 14:39:44.074 [restartedMain] INFO  o.s.d.r.c.RepositoryConfigurationDelegate - Bootstrapping Spring Data JPA repositories in DEFAULT mode.
2024-11-07 14:39:44.104 [restartedMain] INFO  o.s.d.r.c.RepositoryConfigurationDelegate - Finished Spring Data repository scanning in 23 ms. Found 0 JPA repository interfaces.
2024-11-07 14:39:45.184 [restartedMain] INFO  o.s.b.w.e.tomcat.TomcatWebServer - Tomcat initialized with port 80 (http)
2024-11-07 14:39:45.196 [restartedMain] INFO  o.a.coyote.http11.Http11NioProtocol - Initializing ProtocolHandler ["http-nio-80"]
2024-11-07 14:39:45.205 [restartedMain] INFO  o.a.catalina.core.StandardService - Starting service [Tomcat]
2024-11-07 14:39:45.205 [restartedMain] INFO  o.a.catalina.core.StandardEngine - Starting Servlet engine: [Apache Tomcat/10.1.30]
2024-11-07 14:39:45.277 [restartedMain] INFO  o.a.c.c.C.[Tomcat].[localhost].[/] - Initializing Spring embedded WebApplicationContext
2024-11-07 14:39:45.277 [restartedMain] INFO  o.s.b.w.s.c.ServletWebServerApplicationContext - Root WebApplicationContext: initialization completed in 2624 ms
2024-11-07 14:39:45.498 [restartedMain] INFO  com.zaxxer.hikari.HikariDataSource - HikariPool-1 - Starting...
2024-11-07 14:39:45.717 [restartedMain] INFO  com.zaxxer.hikari.pool.HikariPool - HikariPool-1 - Added connection conn0: url=jdbc:h2:mem:35c31525-03e7-464c-8833-845058d76535 user=SA
2024-11-07 14:39:45.718 [restartedMain] INFO  com.zaxxer.hikari.HikariDataSource - HikariPool-1 - Start completed.
2024-11-07 14:39:45.734 [restartedMain] INFO  o.s.b.a.h.H2ConsoleAutoConfiguration - H2 console available at '/h2-console'. Database available at 'jdbc:h2:mem:35c31525-03e7-464c-8833-845058d76535'
2024-11-07 14:39:46.040 [restartedMain] INFO  o.h.jpa.internal.util.LogHelper - HHH000204: Processing PersistenceUnitInfo [name: default]
2024-11-07 14:39:46.099 [restartedMain] INFO  org.hibernate.Version - HHH000412: Hibernate ORM core version 6.5.3.Final
2024-11-07 14:39:46.131 [restartedMain] INFO  o.h.c.i.RegionFactoryInitiator - HHH000026: Second-level cache disabled
2024-11-07 14:39:46.472 [restartedMain] INFO  o.s.o.j.p.SpringPersistenceUnitInfo - No LoadTimeWeaver setup: ignoring JPA class transformer
2024-11-07 14:39:46.942 [restartedMain] INFO  o.h.e.t.j.p.i.JtaPlatformInitiator - HHH000489: No JTA platform available (set 'hibernate.transaction.jta.platform' to enable JTA platform integration)
2024-11-07 14:39:46.947 [restartedMain] INFO  o.s.o.j.LocalContainerEntityManagerFactoryBean - Initialized JPA EntityManagerFactory for persistence unit 'default'
2024-11-07 14:39:47.061 [restartedMain] WARN  o.s.b.a.o.j.JpaBaseConfiguration$JpaWebConfiguration - spring.jpa.open-in-view is enabled by default. Therefore, database queries may be performed during view rendering. Explicitly configure spring.jpa.open-in-view to disable this warning
2024-11-07 14:39:47.255 [restartedMain] INFO  o.s.b.a.w.s.WelcomePageHandlerMapping - Adding welcome page: class path resource [static/index.html]
2024-11-07 14:39:47.739 [restartedMain] INFO  o.s.b.a.e.web.EndpointLinksResolver - Exposing 1 endpoint beneath base path '/actuator'
2024-11-07 14:39:49.089 [restartedMain] INFO  o.s.b.d.a.OptionalLiveReloadServer - LiveReload server is running on port 35729
2024-11-07 14:39:49.170 [restartedMain] INFO  o.a.coyote.http11.Http11NioProtocol - Starting ProtocolHandler ["http-nio-80"]
2024-11-07 14:39:49.209 [restartedMain] INFO  o.s.b.w.e.tomcat.TomcatWebServer - Tomcat started on port 80 (http) with context path '/'
2024-11-07 14:39:49.239 [restartedMain] INFO  c.h.onlinebooking.ui.UiApplication - Started UiApplication in 7.159 seconds (process running for 8.56)
2024-11-07 14:39:49.818 [RMI TCP Connection(2)-10.84.5.73] INFO  o.a.c.c.C.[Tomcat].[localhost].[/] - Initializing Spring DispatcherServlet 'dispatcherServlet'
2024-11-07 14:39:49.818 [RMI TCP Connection(2)-10.84.5.73] INFO  o.s.web.servlet.DispatcherServlet - Initializing Servlet 'dispatcherServlet'
2024-11-07 14:39:49.820 [RMI TCP Connection(2)-10.84.5.73] INFO  o.s.web.servlet.DispatcherServlet - Completed initialization in 2 ms
2024-11-07 14:40:46.111 [File Watcher] INFO  o.s.b.d.a.LocalDevToolsAutoConfiguration$RestartingClassPathChangeChangedEventListener - Restarting due to 1 class path change (0 additions, 1 deletion, 0 modifications)
2024-11-07 14:40:46.119 [Thread-7] INFO  o.a.coyote.http11.Http11NioProtocol - Stopping ProtocolHandler ["http-nio-80"]
2024-11-07 14:40:46.146 [Thread-7] INFO  o.s.o.j.LocalContainerEntityManagerFactoryBean - Closing JPA EntityManagerFactory for persistence unit 'default'
2024-11-07 14:40:46.165 [Thread-7] WARN  o.s.b.f.s.DisposableBeanAdapter - Invocation of destroy method failed on bean with name 'inMemoryDatabaseShutdownExecutor': org.h2.jdbc.JdbcSQLNonTransientConnectionException: Database is already closed (to disable automatic closing at VM shutdown, add ";DB_CLOSE_ON_EXIT=FALSE" to the db URL) [90121-224]
2024-11-07 14:40:46.167 [Thread-7] INFO  com.zaxxer.hikari.HikariDataSource - HikariPool-1 - Shutdown initiated...
2024-11-07 14:40:46.175 [Thread-7] INFO  com.zaxxer.hikari.HikariDataSource - HikariPool-1 - Shutdown completed.
2024-11-07 14:40:46.290 [restartedMain] INFO  c.h.onlinebooking.ui.UiApplication - Starting UiApplication using Java 21.0.4 with PID 47884 (D:\hbo\study\2024\Project\hotel-booking\ui-service\build\classes\java\main started by hbo in D:\hbo\study\2024\Project\hotel-booking)
2024-11-07 14:40:46.290 [restartedMain] INFO  c.h.onlinebooking.ui.UiApplication - No active profile set, falling back to 1 default profile: "default"
2024-11-07 14:40:46.681 [restartedMain] INFO  o.s.d.r.c.RepositoryConfigurationDelegate - Bootstrapping Spring Data JPA repositories in DEFAULT mode.
2024-11-07 14:40:46.686 [restartedMain] INFO  o.s.d.r.c.RepositoryConfigurationDelegate - Finished Spring Data repository scanning in 4 ms. Found 0 JPA repository interfaces.
2024-11-07 14:40:46.838 [restartedMain] INFO  o.s.b.w.e.tomcat.TomcatWebServer - Tomcat initialized with port 80 (http)
2024-11-07 14:40:46.839 [restartedMain] INFO  o.a.coyote.http11.Http11NioProtocol - Initializing ProtocolHandler ["http-nio-80"]
2024-11-07 14:40:46.839 [restartedMain] INFO  o.a.catalina.core.StandardService - Starting service [Tomcat]
2024-11-07 14:40:46.839 [restartedMain] INFO  o.a.catalina.core.StandardEngine - Starting Servlet engine: [Apache Tomcat/10.1.30]
2024-11-07 14:40:46.863 [restartedMain] INFO  o.a.c.c.C.[Tomcat].[localhost].[/] - Initializing Spring embedded WebApplicationContext
2024-11-07 14:40:46.863 [restartedMain] INFO  o.s.b.w.s.c.ServletWebServerApplicationContext - Root WebApplicationContext: initialization completed in 570 ms
2024-11-07 14:40:46.925 [restartedMain] INFO  com.zaxxer.hikari.HikariDataSource - HikariPool-2 - Starting...
2024-11-07 14:40:46.931 [restartedMain] INFO  com.zaxxer.hikari.pool.HikariPool - HikariPool-2 - Added connection conn10: url=jdbc:h2:mem:57766db1-bfb6-4171-afdd-af55559b4211 user=SA
2024-11-07 14:40:46.932 [restartedMain] INFO  com.zaxxer.hikari.HikariDataSource - HikariPool-2 - Start completed.
2024-11-07 14:40:46.932 [restartedMain] INFO  o.s.b.a.h.H2ConsoleAutoConfiguration - H2 console available at '/h2-console'. Database available at 'jdbc:h2:mem:57766db1-bfb6-4171-afdd-af55559b4211'
2024-11-07 14:40:47.007 [restartedMain] INFO  o.h.jpa.internal.util.LogHelper - HHH000204: Processing PersistenceUnitInfo [name: default]
2024-11-07 14:40:47.010 [restartedMain] INFO  o.h.c.i.RegionFactoryInitiator - HHH000026: Second-level cache disabled
2024-11-07 14:40:47.018 [restartedMain] INFO  o.s.o.j.p.SpringPersistenceUnitInfo - No LoadTimeWeaver setup: ignoring JPA class transformer
2024-11-07 14:40:47.039 [restartedMain] INFO  o.h.e.t.j.p.i.JtaPlatformInitiator - HHH000489: No JTA platform available (set 'hibernate.transaction.jta.platform' to enable JTA platform integration)
2024-11-07 14:40:47.039 [restartedMain] INFO  o.s.o.j.LocalContainerEntityManagerFactoryBean - Initialized JPA EntityManagerFactory for persistence unit 'default'
2024-11-07 14:40:47.084 [restartedMain] WARN  o.s.b.a.o.j.JpaBaseConfiguration$JpaWebConfiguration - spring.jpa.open-in-view is enabled by default. Therefore, database queries may be performed during view rendering. Explicitly configure spring.jpa.open-in-view to disable this warning
2024-11-07 14:40:47.124 [restartedMain] INFO  o.s.b.a.w.s.WelcomePageHandlerMapping - Adding welcome page: class path resource [static/index.html]
2024-11-07 14:40:47.326 [restartedMain] INFO  o.s.b.a.e.web.EndpointLinksResolver - Exposing 1 endpoint beneath base path '/actuator'
2024-11-07 14:40:48.753 [restartedMain] INFO  o.s.b.d.a.OptionalLiveReloadServer - LiveReload server is running on port 35729
2024-11-07 14:40:48.771 [restartedMain] INFO  o.a.coyote.http11.Http11NioProtocol - Starting ProtocolHandler ["http-nio-80"]
2024-11-07 14:40:48.776 [restartedMain] INFO  o.s.b.w.e.tomcat.TomcatWebServer - Tomcat started on port 80 (http) with context path '/'
2024-11-07 14:40:48.782 [restartedMain] INFO  c.h.onlinebooking.ui.UiApplication - Started UiApplication in 2.542 seconds (process running for 68.103)
2024-11-07 14:40:48.785 [restartedMain] INFO  o.s.b.d.a.ConditionEvaluationDeltaLoggingListener - Condition evaluation unchanged
2024-11-07 14:40:50.255 [File Watcher] INFO  o.s.b.d.a.LocalDevToolsAutoConfiguration$RestartingClassPathChangeChangedEventListener - Restarting due to 1 class path change (1 addition, 0 deletions, 0 modifications)
2024-11-07 14:40:50.259 [Thread-9] INFO  o.a.coyote.http11.Http11NioProtocol - Stopping ProtocolHandler ["http-nio-80"]
2024-11-07 14:40:50.273 [Thread-9] INFO  o.s.o.j.LocalContainerEntityManagerFactoryBean - Closing JPA EntityManagerFactory for persistence unit 'default'
2024-11-07 14:40:50.273 [Thread-9] WARN  o.s.b.f.s.DisposableBeanAdapter - Invocation of destroy method failed on bean with name 'inMemoryDatabaseShutdownExecutor': org.h2.jdbc.JdbcSQLNonTransientConnectionException: Database is already closed (to disable automatic closing at VM shutdown, add ";DB_CLOSE_ON_EXIT=FALSE" to the db URL) [90121-224]
2024-11-07 14:40:50.273 [Thread-9] INFO  com.zaxxer.hikari.HikariDataSource - HikariPool-2 - Shutdown initiated...
2024-11-07 14:40:50.273 [Thread-9] INFO  com.zaxxer.hikari.HikariDataSource - HikariPool-2 - Shutdown completed.
2024-11-07 14:40:50.425 [restartedMain] INFO  c.h.onlinebooking.ui.UiApplication - Starting UiApplication using Java 21.0.4 with PID 47884 (D:\hbo\study\2024\Project\hotel-booking\ui-service\build\classes\java\main started by hbo in D:\hbo\study\2024\Project\hotel-booking)
2024-11-07 14:40:50.425 [restartedMain] INFO  c.h.onlinebooking.ui.UiApplication - No active profile set, falling back to 1 default profile: "default"
2024-11-07 14:40:50.805 [restartedMain] INFO  o.s.d.r.c.RepositoryConfigurationDelegate - Bootstrapping Spring Data JPA repositories in DEFAULT mode.
2024-11-07 14:40:50.810 [restartedMain] INFO  o.s.d.r.c.RepositoryConfigurationDelegate - Finished Spring Data repository scanning in 4 ms. Found 0 JPA repository interfaces.
2024-11-07 14:40:50.949 [restartedMain] INFO  o.s.b.w.e.tomcat.TomcatWebServer - Tomcat initialized with port 80 (http)
2024-11-07 14:40:50.950 [restartedMain] INFO  o.a.coyote.http11.Http11NioProtocol - Initializing ProtocolHandler ["http-nio-80"]
2024-11-07 14:40:50.950 [restartedMain] INFO  o.a.catalina.core.StandardService - Starting service [Tomcat]
2024-11-07 14:40:50.950 [restartedMain] INFO  o.a.catalina.core.StandardEngine - Starting Servlet engine: [Apache Tomcat/10.1.30]
2024-11-07 14:40:51.001 [restartedMain] INFO  o.a.c.c.C.[Tomcat].[localhost].[/] - Initializing Spring embedded WebApplicationContext
2024-11-07 14:40:51.001 [restartedMain] INFO  o.s.b.w.s.c.ServletWebServerApplicationContext - Root WebApplicationContext: initialization completed in 574 ms
2024-11-07 14:40:51.055 [restartedMain] INFO  com.zaxxer.hikari.HikariDataSource - HikariPool-3 - Starting...
2024-11-07 14:40:51.063 [restartedMain] INFO  com.zaxxer.hikari.pool.HikariPool - HikariPool-3 - Added connection conn20: url=jdbc:h2:mem:6aee4c82-086f-4ec4-8732-7ef2243ebb70 user=SA
2024-11-07 14:40:51.063 [restartedMain] INFO  com.zaxxer.hikari.HikariDataSource - HikariPool-3 - Start completed.
2024-11-07 14:40:51.064 [restartedMain] INFO  o.s.b.a.h.H2ConsoleAutoConfiguration - H2 console available at '/h2-console'. Database available at 'jdbc:h2:mem:6aee4c82-086f-4ec4-8732-7ef2243ebb70'
2024-11-07 14:40:51.137 [restartedMain] INFO  o.h.jpa.internal.util.LogHelper - HHH000204: Processing PersistenceUnitInfo [name: default]
2024-11-07 14:40:51.140 [restartedMain] INFO  o.h.c.i.RegionFactoryInitiator - HHH000026: Second-level cache disabled
2024-11-07 14:40:51.141 [restartedMain] INFO  o.s.o.j.p.SpringPersistenceUnitInfo - No LoadTimeWeaver setup: ignoring JPA class transformer
2024-11-07 14:40:51.160 [restartedMain] INFO  o.h.e.t.j.p.i.JtaPlatformInitiator - HHH000489: No JTA platform available (set 'hibernate.transaction.jta.platform' to enable JTA platform integration)
2024-11-07 14:40:51.160 [restartedMain] INFO  o.s.o.j.LocalContainerEntityManagerFactoryBean - Initialized JPA EntityManagerFactory for persistence unit 'default'
2024-11-07 14:40:51.204 [restartedMain] WARN  o.s.b.a.o.j.JpaBaseConfiguration$JpaWebConfiguration - spring.jpa.open-in-view is enabled by default. Therefore, database queries may be performed during view rendering. Explicitly configure spring.jpa.open-in-view to disable this warning
2024-11-07 14:40:51.248 [restartedMain] INFO  o.s.b.a.w.s.WelcomePageHandlerMapping - Adding welcome page: class path resource [static/index.html]
2024-11-07 14:40:51.466 [restartedMain] INFO  o.s.b.a.e.web.EndpointLinksResolver - Exposing 1 endpoint beneath base path '/actuator'
2024-11-07 14:40:54.061 [restartedMain] INFO  o.s.b.d.a.OptionalLiveReloadServer - LiveReload server is running on port 35729
2024-11-07 14:40:54.075 [restartedMain] INFO  o.a.coyote.http11.Http11NioProtocol - Starting ProtocolHandler ["http-nio-80"]
2024-11-07 14:40:54.088 [restartedMain] INFO  o.s.b.w.e.tomcat.TomcatWebServer - Tomcat started on port 80 (http) with context path '/'
2024-11-07 14:40:54.104 [restartedMain] INFO  c.h.onlinebooking.ui.UiApplication - Started UiApplication in 3.704 seconds (process running for 73.425)
2024-11-07 14:40:54.107 [restartedMain] INFO  o.s.b.d.a.ConditionEvaluationDeltaLoggingListener - Condition evaluation unchanged
2024-11-07 14:41:00.034 [http-nio-80-exec-1] INFO  o.a.c.c.C.[Tomcat].[localhost].[/] - Initializing Spring DispatcherServlet 'dispatcherServlet'
2024-11-07 14:41:00.034 [http-nio-80-exec-1] INFO  o.s.web.servlet.DispatcherServlet - Initializing Servlet 'dispatcherServlet'
2024-11-07 14:41:00.036 [http-nio-80-exec-1] INFO  o.s.web.servlet.DispatcherServlet - Completed initialization in 2 ms
2024-11-07 14:41:59.110 [SpringApplicationShutdownHook] INFO  o.s.o.j.LocalContainerEntityManagerFactoryBean - Closing JPA EntityManagerFactory for persistence unit 'default'
2024-11-07 14:41:59.111 [SpringApplicationShutdownHook] WARN  o.s.b.f.s.DisposableBeanAdapter - Invocation of destroy method failed on bean with name 'inMemoryDatabaseShutdownExecutor': org.h2.jdbc.JdbcSQLNonTransientConnectionException: Database is already closed (to disable automatic closing at VM shutdown, add ";DB_CLOSE_ON_EXIT=FALSE" to the db URL) [90121-224]
2024-11-07 14:41:59.111 [SpringApplicationShutdownHook] INFO  com.zaxxer.hikari.HikariDataSource - HikariPool-3 - Shutdown initiated...
2024-11-07 14:41:59.114 [SpringApplicationShutdownHook] INFO  com.zaxxer.hikari.HikariDataSource - HikariPool-3 - Shutdown completed.
2024-11-07 14:42:04.308 [background-preinit] INFO  o.h.validator.internal.util.Version - HV000001: Hibernate Validator 8.0.1.Final
2024-11-07 14:42:04.336 [restartedMain] INFO  c.h.onlinebooking.ui.UiApplication - Starting UiApplication using Java 21.0.4 with PID 13316 (D:\hbo\study\2024\Project\hotel-booking\ui-service\build\classes\java\main started by hbo in D:\hbo\study\2024\Project\hotel-booking)
2024-11-07 14:42:04.337 [restartedMain] INFO  c.h.onlinebooking.ui.UiApplication - No active profile set, falling back to 1 default profile: "default"
2024-11-07 14:42:04.392 [restartedMain] INFO  o.s.b.d.restart.ChangeableUrls - The Class-Path manifest attribute in C:\Users\hbo\.gradle\caches\modules-2\files-2.1\org.glassfish.hk2\hk2\3.0.6\12187beb6321e6a7fdc2ef4d196e16c8c58a3a1\hk2-3.0.6.jar referenced one or more files that do not exist: file:/C:/Users/hbo/.gradle/caches/modules-2/files-2.1/org.glassfish.hk2/hk2/3.0.6/12187beb6321e6a7fdc2ef4d196e16c8c58a3a1/hk2-utils.jar,file:/C:/Users/hbo/.gradle/caches/modules-2/files-2.1/org.glassfish.hk2/hk2/3.0.6/12187beb6321e6a7fdc2ef4d196e16c8c58a3a1/jakarta.annotation-api.jar,file:/C:/Users/hbo/.gradle/caches/modules-2/files-2.1/org.glassfish.hk2/hk2/3.0.6/12187beb6321e6a7fdc2ef4d196e16c8c58a3a1/jakarta.inject-api.jar,file:/C:/Users/hbo/.gradle/caches/modules-2/files-2.1/org.glassfish.hk2/hk2/3.0.6/12187beb6321e6a7fdc2ef4d196e16c8c58a3a1/hk2-api.jar,file:/C:/Users/hbo/.gradle/caches/modules-2/files-2.1/org.glassfish.hk2/hk2/3.0.6/12187beb6321e6a7fdc2ef4d196e16c8c58a3a1/aopalliance-repackaged.jar,file:/C:/Users/hbo/.gradle/caches/modules-2/files-2.1/org.glassfish.hk2/hk2/3.0.6/12187beb6321e6a7fdc2ef4d196e16c8c58a3a1/hk2-core.jar,file:/C:/Users/hbo/.gradle/caches/modules-2/files-2.1/org.glassfish.hk2/hk2/3.0.6/12187beb6321e6a7fdc2ef4d196e16c8c58a3a1/hk2-locator.jar,file:/C:/Users/hbo/.gradle/caches/modules-2/files-2.1/org.glassfish.hk2/hk2/3.0.6/12187beb6321e6a7fdc2ef4d196e16c8c58a3a1/javassist.jar,file:/C:/Users/hbo/.gradle/caches/modules-2/files-2.1/org.glassfish.hk2/hk2/3.0.6/12187beb6321e6a7fdc2ef4d196e16c8c58a3a1/hk2-runlevel.jar,file:/C:/Users/hbo/.gradle/caches/modules-2/files-2.1/org.glassfish.hk2/hk2/3.0.6/12187beb6321e6a7fdc2ef4d196e16c8c58a3a1/class-model.jar,file:/C:/Users/hbo/.gradle/caches/modules-2/files-2.1/org.glassfish.hk2/hk2/3.0.6/12187beb6321e6a7fdc2ef4d196e16c8c58a3a1/asm.jar,file:/C:/Users/hbo/.gradle/caches/modules-2/files-2.1/org.glassfish.hk2/hk2/3.0.6/12187beb6321e6a7fdc2ef4d196e16c8c58a3a1/asm-analysis.jar,file:/C:/Users/hbo/.gradle/caches/modules-2/files-2.1/org.glassfish.hk2/hk2/3.0.6/12187beb6321e6a7fdc2ef4d196e16c8c58a3a1/asm-commons.jar,file:/C:/Users/hbo/.gradle/caches/modules-2/files-2.1/org.glassfish.hk2/hk2/3.0.6/12187beb6321e6a7fdc2ef4d196e16c8c58a3a1/asm-tree.jar,file:/C:/Users/hbo/.gradle/caches/modules-2/files-2.1/org.glassfish.hk2/hk2/3.0.6/12187beb6321e6a7fdc2ef4d196e16c8c58a3a1/asm-util.jar
2024-11-07 14:42:04.392 [restartedMain] INFO  o.s.b.d.e.DevToolsPropertyDefaultsPostProcessor - Devtools property defaults active! Set 'spring.devtools.add-properties' to 'false' to disable
2024-11-07 14:42:04.392 [restartedMain] INFO  o.s.b.d.e.DevToolsPropertyDefaultsPostProcessor - For additional web related logging consider setting the 'logging.level.web' property to 'DEBUG'
2024-11-07 14:42:05.788 [restartedMain] INFO  o.s.d.r.c.RepositoryConfigurationDelegate - Bootstrapping Spring Data JPA repositories in DEFAULT mode.
2024-11-07 14:42:05.824 [restartedMain] INFO  o.s.d.r.c.RepositoryConfigurationDelegate - Finished Spring Data repository scanning in 28 ms. Found 0 JPA repository interfaces.
2024-11-07 14:42:06.848 [restartedMain] INFO  o.s.b.w.e.tomcat.TomcatWebServer - Tomcat initialized with port 80 (http)
2024-11-07 14:42:06.858 [restartedMain] INFO  o.a.coyote.http11.Http11NioProtocol - Initializing ProtocolHandler ["http-nio-80"]
2024-11-07 14:42:06.866 [restartedMain] INFO  o.a.catalina.core.StandardService - Starting service [Tomcat]
2024-11-07 14:42:06.867 [restartedMain] INFO  o.a.catalina.core.StandardEngine - Starting Servlet engine: [Apache Tomcat/10.1.30]
2024-11-07 14:42:06.931 [restartedMain] INFO  o.a.c.c.C.[Tomcat].[localhost].[/] - Initializing Spring embedded WebApplicationContext
2024-11-07 14:42:06.931 [restartedMain] INFO  o.s.b.w.s.c.ServletWebServerApplicationContext - Root WebApplicationContext: initialization completed in 2538 ms
2024-11-07 14:42:07.101 [restartedMain] INFO  com.zaxxer.hikari.HikariDataSource - HikariPool-1 - Starting...
2024-11-07 14:42:07.329 [restartedMain] INFO  com.zaxxer.hikari.pool.HikariPool - HikariPool-1 - Added connection conn0: url=jdbc:h2:mem:f11ada23-bac4-4e87-a2f4-b99b535e6d19 user=SA
2024-11-07 14:42:07.330 [restartedMain] INFO  com.zaxxer.hikari.HikariDataSource - HikariPool-1 - Start completed.
2024-11-07 14:42:07.355 [restartedMain] INFO  o.s.b.a.h.H2ConsoleAutoConfiguration - H2 console available at '/h2-console'. Database available at 'jdbc:h2:mem:f11ada23-bac4-4e87-a2f4-b99b535e6d19'
2024-11-07 14:42:07.581 [restartedMain] INFO  o.h.jpa.internal.util.LogHelper - HHH000204: Processing PersistenceUnitInfo [name: default]
2024-11-07 14:42:07.638 [restartedMain] INFO  org.hibernate.Version - HHH000412: Hibernate ORM core version 6.5.3.Final
2024-11-07 14:42:07.698 [restartedMain] INFO  o.h.c.i.RegionFactoryInitiator - HHH000026: Second-level cache disabled
2024-11-07 14:42:08.117 [restartedMain] INFO  o.s.o.j.p.SpringPersistenceUnitInfo - No LoadTimeWeaver setup: ignoring JPA class transformer
2024-11-07 14:42:08.562 [restartedMain] INFO  o.h.e.t.j.p.i.JtaPlatformInitiator - HHH000489: No JTA platform available (set 'hibernate.transaction.jta.platform' to enable JTA platform integration)
2024-11-07 14:42:08.567 [restartedMain] INFO  o.s.o.j.LocalContainerEntityManagerFactoryBean - Initialized JPA EntityManagerFactory for persistence unit 'default'
2024-11-07 14:42:08.693 [restartedMain] WARN  o.s.b.a.o.j.JpaBaseConfiguration$JpaWebConfiguration - spring.jpa.open-in-view is enabled by default. Therefore, database queries may be performed during view rendering. Explicitly configure spring.jpa.open-in-view to disable this warning
2024-11-07 14:42:08.845 [restartedMain] INFO  o.s.b.a.w.s.WelcomePageHandlerMapping - Adding welcome page: class path resource [static/index.html]
2024-11-07 14:42:09.313 [restartedMain] INFO  o.s.b.a.e.web.EndpointLinksResolver - Exposing 1 endpoint beneath base path '/actuator'
2024-11-07 14:42:11.038 [restartedMain] INFO  o.s.b.d.a.OptionalLiveReloadServer - LiveReload server is running on port 35729
2024-11-07 14:42:11.139 [restartedMain] INFO  o.a.coyote.http11.Http11NioProtocol - Starting ProtocolHandler ["http-nio-80"]
2024-11-07 14:42:11.167 [restartedMain] INFO  o.s.b.w.e.tomcat.TomcatWebServer - Tomcat started on port 80 (http) with context path '/'
2024-11-07 14:42:11.177 [restartedMain] INFO  c.h.onlinebooking.ui.UiApplication - Started UiApplication in 7.362 seconds (process running for 8.646)
2024-11-07 14:42:11.614 [RMI TCP Connection(3)-10.84.5.73] INFO  o.a.c.c.C.[Tomcat].[localhost].[/] - Initializing Spring DispatcherServlet 'dispatcherServlet'
2024-11-07 14:42:11.616 [RMI TCP Connection(3)-10.84.5.73] INFO  o.s.web.servlet.DispatcherServlet - Initializing Servlet 'dispatcherServlet'
2024-11-07 14:42:11.619 [RMI TCP Connection(3)-10.84.5.73] INFO  o.s.web.servlet.DispatcherServlet - Completed initialization in 1 ms
2024-11-07 14:45:40.903 [File Watcher] INFO  o.s.b.d.a.LocalDevToolsAutoConfiguration$RestartingClassPathChangeChangedEventListener - Restarting due to 5 class path changes (0 additions, 5 deletions, 0 modifications)
2024-11-07 14:45:40.911 [Thread-7] INFO  o.a.coyote.http11.Http11NioProtocol - Stopping ProtocolHandler ["http-nio-80"]
2024-11-07 14:45:40.931 [Thread-7] INFO  o.s.o.j.LocalContainerEntityManagerFactoryBean - Closing JPA EntityManagerFactory for persistence unit 'default'
2024-11-07 14:45:40.952 [Thread-7] WARN  o.s.b.f.s.DisposableBeanAdapter - Invocation of destroy method failed on bean with name 'inMemoryDatabaseShutdownExecutor': org.h2.jdbc.JdbcSQLNonTransientConnectionException: Database is already closed (to disable automatic closing at VM shutdown, add ";DB_CLOSE_ON_EXIT=FALSE" to the db URL) [90121-224]
2024-11-07 14:45:40.955 [Thread-7] INFO  com.zaxxer.hikari.HikariDataSource - HikariPool-1 - Shutdown initiated...
2024-11-07 14:45:40.962 [Thread-7] INFO  com.zaxxer.hikari.HikariDataSource - HikariPool-1 - Shutdown completed.
2024-11-07 14:45:41.119 [restartedMain] INFO  c.h.onlinebooking.ui.UiApplication - Starting UiApplication using Java 21.0.4 with PID 13316 (D:\hbo\study\2024\Project\hotel-booking\ui-service\build\classes\java\main started by hbo in D:\hbo\study\2024\Project\hotel-booking)
2024-11-07 14:45:41.119 [restartedMain] INFO  c.h.onlinebooking.ui.UiApplication - No active profile set, falling back to 1 default profile: "default"
2024-11-07 14:45:41.508 [restartedMain] INFO  o.s.d.r.c.RepositoryConfigurationDelegate - Bootstrapping Spring Data JPA repositories in DEFAULT mode.
2024-11-07 14:45:41.513 [restartedMain] WARN  o.s.b.w.s.c.AnnotationConfigServletWebServerApplicationContext - Exception encountered during context initialization - cancelling refresh attempt: org.springframework.beans.factory.BeanDefinitionStoreException: Failed to read candidate component class: file [D:\hbo\study\2024\Project\hotel-booking\ui-service\build\classes\java\main\com\hotel\onlinebooking\ui\controller\RecommendationController.class]
2024-11-07 14:45:41.520 [restartedMain] INFO  o.s.b.a.l.ConditionEvaluationReportLogger - 

Error starting ApplicationContext. To display the condition evaluation report re-run your application with 'debug' enabled.
2024-11-07 14:45:41.541 [restartedMain] ERROR o.s.boot.SpringApplication - Application run failed
org.springframework.beans.factory.BeanDefinitionStoreException: Failed to read candidate component class: file [D:\hbo\study\2024\Project\hotel-booking\ui-service\build\classes\java\main\com\hotel\onlinebooking\ui\controller\RecommendationController.class]
	at org.springframework.context.annotation.ClassPathScanningCandidateComponentProvider.scanCandidateComponents(ClassPathScanningCandidateComponentProvider.java:510)
	at org.springframework.context.annotation.ClassPathScanningCandidateComponentProvider.findCandidateComponents(ClassPathScanningCandidateComponentProvider.java:351)
	at org.springframework.data.repository.config.RepositoryComponentProvider.findCandidateComponents(RepositoryComponentProvider.java:119)
	at org.springframework.data.repository.config.RepositoryConfigurationSourceSupport.lambda$getCandidates$0(RepositoryConfigurationSourceSupport.java:76)
	at java.base/java.util.stream.ReferencePipeline$7$1.accept(ReferencePipeline.java:273)
	at java.base/java.util.Spliterators$IteratorSpliterator.tryAdvance(Spliterators.java:1950)
	at java.base/java.util.stream.StreamSpliterators$WrappingSpliterator.lambda$initPartialTraversalState$0(StreamSpliterators.java:292)
	at java.base/java.util.stream.StreamSpliterators$AbstractWrappingSpliterator.fillBuffer(StreamSpliterators.java:206)
	at java.base/java.util.stream.StreamSpliterators$AbstractWrappingSpliterator.doAdvance(StreamSpliterators.java:161)
	at java.base/java.util.stream.StreamSpliterators$WrappingSpliterator.tryAdvance(StreamSpliterators.java:298)
	at java.base/java.util.Spliterators$1Adapter.hasNext(Spliterators.java:681)
	at org.springframework.data.repository.config.RepositoryConfigurationExtensionSupport.getRepositoryConfigurations(RepositoryConfigurationExtensionSupport.java:80)
	at org.springframework.data.repository.config.RepositoryConfigurationDelegate.registerRepositoriesIn(RepositoryConfigurationDelegate.java:168)
	at org.springframework.boot.autoconfigure.data.AbstractRepositoryConfigurationSourceSupport.registerBeanDefinitions(AbstractRepositoryConfigurationSourceSupport.java:62)
	at org.springframework.context.annotation.ConfigurationClassBeanDefinitionReader.lambda$loadBeanDefinitionsFromRegistrars$1(ConfigurationClassBeanDefinitionReader.java:376)
	at java.base/java.util.LinkedHashMap.forEach(LinkedHashMap.java:986)
	at org.springframework.context.annotation.ConfigurationClassBeanDefinitionReader.loadBeanDefinitionsFromRegistrars(ConfigurationClassBeanDefinitionReader.java:375)
	at org.springframework.context.annotation.ConfigurationClassBeanDefinitionReader.loadBeanDefinitionsForConfigurationClass(ConfigurationClassBeanDefinitionReader.java:148)
	at org.springframework.context.annotation.ConfigurationClassBeanDefinitionReader.loadBeanDefinitions(ConfigurationClassBeanDefinitionReader.java:120)
	at org.springframework.context.annotation.ConfigurationClassPostProcessor.processConfigBeanDefinitions(ConfigurationClassPostProcessor.java:429)
	at org.springframework.context.annotation.ConfigurationClassPostProcessor.postProcessBeanDefinitionRegistry(ConfigurationClassPostProcessor.java:290)
	at org.springframework.context.support.PostProcessorRegistrationDelegate.invokeBeanDefinitionRegistryPostProcessors(PostProcessorRegistrationDelegate.java:349)
	at org.springframework.context.support.PostProcessorRegistrationDelegate.invokeBeanFactoryPostProcessors(PostProcessorRegistrationDelegate.java:118)
	at org.springframework.context.support.AbstractApplicationContext.invokeBeanFactoryPostProcessors(AbstractApplicationContext.java:789)
	at org.springframework.context.support.AbstractApplicationContext.refresh(AbstractApplicationContext.java:607)
	at org.springframework.boot.web.servlet.context.ServletWebServerApplicationContext.refresh(ServletWebServerApplicationContext.java:146)
	at org.springframework.boot.SpringApplication.refresh(SpringApplication.java:754)
	at org.springframework.boot.SpringApplication.refreshContext(SpringApplication.java:456)
	at org.springframework.boot.SpringApplication.run(SpringApplication.java:335)
	at org.springframework.boot.SpringApplication.run(SpringApplication.java:1363)
	at org.springframework.boot.SpringApplication.run(SpringApplication.java:1352)
	at com.hotel.onlinebooking.ui.UiApplication.main(UiApplication.java:10)
	at java.base/jdk.internal.reflect.DirectMethodHandleAccessor.invoke(DirectMethodHandleAccessor.java:103)
	at java.base/java.lang.reflect.Method.invoke(Method.java:580)
	at org.springframework.boot.devtools.restart.RestartLauncher.run(RestartLauncher.java:50)
Caused by: java.lang.ArrayIndexOutOfBoundsException: Index 6 out of bounds for length 0
	at org.springframework.asm.ClassReader.readShort(ClassReader.java:3627)
	at org.springframework.asm.ClassReader.<init>(ClassReader.java:197)
	at org.springframework.asm.ClassReader.<init>(ClassReader.java:180)
	at org.springframework.asm.ClassReader.<init>(ClassReader.java:166)
	at org.springframework.asm.ClassReader.<init>(ClassReader.java:287)
	at org.springframework.core.type.classreading.SimpleMetadataReader.getClassReader(SimpleMetadataReader.java:56)
	at org.springframework.core.type.classreading.SimpleMetadataReader.<init>(SimpleMetadataReader.java:48)
	at org.springframework.core.type.classreading.SimpleMetadataReaderFactory.getMetadataReader(SimpleMetadataReaderFactory.java:103)
	at org.springframework.core.type.classreading.CachingMetadataReaderFactory.getMetadataReader(CachingMetadataReaderFactory.java:122)
	at org.springframework.context.annotation.ClassPathScanningCandidateComponentProvider.scanCandidateComponents(ClassPathScanningCandidateComponentProvider.java:470)
	... 34 common frames omitted
2024-11-07 14:45:43.103 [restartedMain] INFO  c.h.onlinebooking.ui.UiApplication - Starting UiApplication using Java 21.0.4 with PID 13316 (D:\hbo\study\2024\Project\hotel-booking\ui-service\build\classes\java\main started by hbo in D:\hbo\study\2024\Project\hotel-booking)
2024-11-07 14:45:43.103 [restartedMain] INFO  c.h.onlinebooking.ui.UiApplication - No active profile set, falling back to 1 default profile: "default"
2024-11-07 14:45:43.501 [restartedMain] INFO  o.s.d.r.c.RepositoryConfigurationDelegate - Bootstrapping Spring Data JPA repositories in DEFAULT mode.
2024-11-07 14:45:43.505 [restartedMain] INFO  o.s.d.r.c.RepositoryConfigurationDelegate - Finished Spring Data repository scanning in 4 ms. Found 0 JPA repository interfaces.
2024-11-07 14:45:43.718 [restartedMain] INFO  o.s.b.w.e.tomcat.TomcatWebServer - Tomcat initialized with port 80 (http)
2024-11-07 14:45:43.719 [restartedMain] INFO  o.a.coyote.http11.Http11NioProtocol - Initializing ProtocolHandler ["http-nio-80"]
2024-11-07 14:45:43.719 [restartedMain] INFO  o.a.catalina.core.StandardService - Starting service [Tomcat]
2024-11-07 14:45:43.720 [restartedMain] INFO  o.a.catalina.core.StandardEngine - Starting Servlet engine: [Apache Tomcat/10.1.30]
2024-11-07 14:45:43.743 [restartedMain] INFO  o.a.c.c.C.[Tomcat].[localhost].[/] - Initializing Spring embedded WebApplicationContext
2024-11-07 14:45:43.743 [restartedMain] INFO  o.s.b.w.s.c.ServletWebServerApplicationContext - Root WebApplicationContext: initialization completed in 638 ms
2024-11-07 14:45:43.808 [restartedMain] INFO  com.zaxxer.hikari.HikariDataSource - HikariPool-2 - Starting...
2024-11-07 14:45:43.810 [restartedMain] INFO  com.zaxxer.hikari.pool.HikariPool - HikariPool-2 - Added connection conn10: url=jdbc:h2:mem:ecb5707b-7fd3-4181-9ff4-092e1fd4441b user=SA
2024-11-07 14:45:43.810 [restartedMain] INFO  com.zaxxer.hikari.HikariDataSource - HikariPool-2 - Start completed.
2024-11-07 14:45:43.810 [restartedMain] INFO  o.s.b.a.h.H2ConsoleAutoConfiguration - H2 console available at '/h2-console'. Database available at 'jdbc:h2:mem:ecb5707b-7fd3-4181-9ff4-092e1fd4441b'
2024-11-07 14:45:43.868 [restartedMain] INFO  o.h.jpa.internal.util.LogHelper - HHH000204: Processing PersistenceUnitInfo [name: default]
2024-11-07 14:45:43.872 [restartedMain] INFO  o.h.c.i.RegionFactoryInitiator - HHH000026: Second-level cache disabled
2024-11-07 14:45:43.880 [restartedMain] INFO  o.s.o.j.p.SpringPersistenceUnitInfo - No LoadTimeWeaver setup: ignoring JPA class transformer
2024-11-07 14:45:43.911 [restartedMain] INFO  o.h.e.t.j.p.i.JtaPlatformInitiator - HHH000489: No JTA platform available (set 'hibernate.transaction.jta.platform' to enable JTA platform integration)
2024-11-07 14:45:43.911 [restartedMain] INFO  o.s.o.j.LocalContainerEntityManagerFactoryBean - Initialized JPA EntityManagerFactory for persistence unit 'default'
2024-11-07 14:45:43.964 [restartedMain] WARN  o.s.b.a.o.j.JpaBaseConfiguration$JpaWebConfiguration - spring.jpa.open-in-view is enabled by default. Therefore, database queries may be performed during view rendering. Explicitly configure spring.jpa.open-in-view to disable this warning
2024-11-07 14:45:44.004 [restartedMain] INFO  o.s.b.a.w.s.WelcomePageHandlerMapping - Adding welcome page: class path resource [static/index.html]
2024-11-07 14:45:44.211 [restartedMain] INFO  o.s.b.a.e.web.EndpointLinksResolver - Exposing 1 endpoint beneath base path '/actuator'
2024-11-07 14:45:44.933 [restartedMain] INFO  o.s.b.d.a.OptionalLiveReloadServer - LiveReload server is running on port 35729
2024-11-07 14:45:44.953 [restartedMain] INFO  o.a.coyote.http11.Http11NioProtocol - Starting ProtocolHandler ["http-nio-80"]
2024-11-07 14:45:44.966 [restartedMain] INFO  o.s.b.w.e.tomcat.TomcatWebServer - Tomcat started on port 80 (http) with context path '/'
2024-11-07 14:45:44.981 [restartedMain] INFO  c.h.onlinebooking.ui.UiApplication - Started UiApplication in 1.913 seconds (process running for 222.449)
2024-11-07 14:45:44.984 [restartedMain] INFO  o.s.b.d.a.ConditionEvaluationDeltaLoggingListener - Condition evaluation unchanged
2024-11-07 14:46:58.150 [File Watcher] INFO  o.s.b.d.a.LocalDevToolsAutoConfiguration$RestartingClassPathChangeChangedEventListener - Restarting due to 5 class path changes (0 additions, 5 deletions, 0 modifications)
2024-11-07 14:46:58.153 [Thread-9] INFO  o.a.coyote.http11.Http11NioProtocol - Stopping ProtocolHandler ["http-nio-80"]
2024-11-07 14:46:58.161 [Thread-9] INFO  o.s.o.j.LocalContainerEntityManagerFactoryBean - Closing JPA EntityManagerFactory for persistence unit 'default'
2024-11-07 14:46:58.162 [Thread-9] WARN  o.s.b.f.s.DisposableBeanAdapter - Invocation of destroy method failed on bean with name 'inMemoryDatabaseShutdownExecutor': org.h2.jdbc.JdbcSQLNonTransientConnectionException: Database is already closed (to disable automatic closing at VM shutdown, add ";DB_CLOSE_ON_EXIT=FALSE" to the db URL) [90121-224]
2024-11-07 14:46:58.162 [Thread-9] INFO  com.zaxxer.hikari.HikariDataSource - HikariPool-2 - Shutdown initiated...
2024-11-07 14:46:58.163 [Thread-9] INFO  com.zaxxer.hikari.HikariDataSource - HikariPool-2 - Shutdown completed.
2024-11-07 14:46:58.244 [restartedMain] INFO  c.h.onlinebooking.ui.UiApplication - Starting UiApplication using Java 21.0.4 with PID 13316 (D:\hbo\study\2024\Project\hotel-booking\ui-service\build\classes\java\main started by hbo in D:\hbo\study\2024\Project\hotel-booking)
2024-11-07 14:46:58.245 [restartedMain] INFO  c.h.onlinebooking.ui.UiApplication - No active profile set, falling back to 1 default profile: "default"
2024-11-07 14:46:58.657 [restartedMain] INFO  o.s.d.r.c.RepositoryConfigurationDelegate - Bootstrapping Spring Data JPA repositories in DEFAULT mode.
2024-11-07 14:46:58.662 [restartedMain] INFO  o.s.d.r.c.RepositoryConfigurationDelegate - Finished Spring Data repository scanning in 4 ms. Found 0 JPA repository interfaces.
2024-11-07 14:46:58.810 [restartedMain] INFO  o.s.b.w.e.tomcat.TomcatWebServer - Tomcat initialized with port 80 (http)
2024-11-07 14:46:58.810 [restartedMain] INFO  o.a.coyote.http11.Http11NioProtocol - Initializing ProtocolHandler ["http-nio-80"]
2024-11-07 14:46:58.811 [restartedMain] INFO  o.a.catalina.core.StandardService - Starting service [Tomcat]
2024-11-07 14:46:58.811 [restartedMain] INFO  o.a.catalina.core.StandardEngine - Starting Servlet engine: [Apache Tomcat/10.1.30]
2024-11-07 14:46:58.846 [restartedMain] INFO  o.a.c.c.C.[Tomcat].[localhost].[/] - Initializing Spring embedded WebApplicationContext
2024-11-07 14:46:58.846 [restartedMain] INFO  o.s.b.w.s.c.ServletWebServerApplicationContext - Root WebApplicationContext: initialization completed in 599 ms
2024-11-07 14:46:58.901 [restartedMain] INFO  com.zaxxer.hikari.HikariDataSource - HikariPool-3 - Starting...
2024-11-07 14:46:58.903 [restartedMain] INFO  com.zaxxer.hikari.pool.HikariPool - HikariPool-3 - Added connection conn20: url=jdbc:h2:mem:332b537b-21c0-4b5e-aaa2-74610b08af2e user=SA
2024-11-07 14:46:58.903 [restartedMain] INFO  com.zaxxer.hikari.HikariDataSource - HikariPool-3 - Start completed.
2024-11-07 14:46:58.904 [restartedMain] INFO  o.s.b.a.h.H2ConsoleAutoConfiguration - H2 console available at '/h2-console'. Database available at 'jdbc:h2:mem:332b537b-21c0-4b5e-aaa2-74610b08af2e'
2024-11-07 14:46:58.981 [restartedMain] INFO  o.h.jpa.internal.util.LogHelper - HHH000204: Processing PersistenceUnitInfo [name: default]
2024-11-07 14:46:58.984 [restartedMain] INFO  o.h.c.i.RegionFactoryInitiator - HHH000026: Second-level cache disabled
2024-11-07 14:46:58.992 [restartedMain] INFO  o.s.o.j.p.SpringPersistenceUnitInfo - No LoadTimeWeaver setup: ignoring JPA class transformer
2024-11-07 14:46:59.008 [restartedMain] INFO  o.h.e.t.j.p.i.JtaPlatformInitiator - HHH000489: No JTA platform available (set 'hibernate.transaction.jta.platform' to enable JTA platform integration)
2024-11-07 14:46:59.009 [restartedMain] INFO  o.s.o.j.LocalContainerEntityManagerFactoryBean - Initialized JPA EntityManagerFactory for persistence unit 'default'
2024-11-07 14:46:59.050 [restartedMain] WARN  o.s.b.a.o.j.JpaBaseConfiguration$JpaWebConfiguration - spring.jpa.open-in-view is enabled by default. Therefore, database queries may be performed during view rendering. Explicitly configure spring.jpa.open-in-view to disable this warning
2024-11-07 14:46:59.108 [restartedMain] INFO  o.s.b.a.w.s.WelcomePageHandlerMapping - Adding welcome page: class path resource [static/index.html]
2024-11-07 14:46:59.290 [restartedMain] INFO  o.s.b.a.e.web.EndpointLinksResolver - Exposing 1 endpoint beneath base path '/actuator'
2024-11-07 14:47:00.404 [restartedMain] INFO  o.s.b.d.a.OptionalLiveReloadServer - LiveReload server is running on port 35729
2024-11-07 14:47:00.421 [restartedMain] INFO  o.a.coyote.http11.Http11NioProtocol - Starting ProtocolHandler ["http-nio-80"]
2024-11-07 14:47:00.434 [restartedMain] INFO  o.s.b.w.e.tomcat.TomcatWebServer - Tomcat started on port 80 (http) with context path '/'
2024-11-07 14:47:00.439 [restartedMain] INFO  c.h.onlinebooking.ui.UiApplication - Started UiApplication in 2.224 seconds (process running for 297.908)
2024-11-07 14:47:00.441 [restartedMain] INFO  o.s.b.d.a.ConditionEvaluationDeltaLoggingListener - Condition evaluation unchanged
2024-11-07 14:47:01.937 [File Watcher] INFO  o.s.b.d.a.LocalDevToolsAutoConfiguration$RestartingClassPathChangeChangedEventListener - Restarting due to 5 class path changes (5 additions, 0 deletions, 0 modifications)
2024-11-07 14:47:01.941 [Thread-19] INFO  o.a.coyote.http11.Http11NioProtocol - Stopping ProtocolHandler ["http-nio-80"]
2024-11-07 14:47:01.961 [Thread-19] INFO  o.s.o.j.LocalContainerEntityManagerFactoryBean - Closing JPA EntityManagerFactory for persistence unit 'default'
2024-11-07 14:47:01.963 [Thread-19] WARN  o.s.b.f.s.DisposableBeanAdapter - Invocation of destroy method failed on bean with name 'inMemoryDatabaseShutdownExecutor': org.h2.jdbc.JdbcSQLNonTransientConnectionException: Database is already closed (to disable automatic closing at VM shutdown, add ";DB_CLOSE_ON_EXIT=FALSE" to the db URL) [90121-224]
2024-11-07 14:47:01.964 [Thread-19] INFO  com.zaxxer.hikari.HikariDataSource - HikariPool-3 - Shutdown initiated...
2024-11-07 14:47:01.967 [Thread-19] INFO  com.zaxxer.hikari.HikariDataSource - HikariPool-3 - Shutdown completed.
2024-11-07 14:47:02.184 [restartedMain] INFO  c.h.onlinebooking.ui.UiApplication - Starting UiApplication using Java 21.0.4 with PID 13316 (D:\hbo\study\2024\Project\hotel-booking\ui-service\build\classes\java\main started by hbo in D:\hbo\study\2024\Project\hotel-booking)
2024-11-07 14:47:02.184 [restartedMain] INFO  c.h.onlinebooking.ui.UiApplication - No active profile set, falling back to 1 default profile: "default"
2024-11-07 14:47:02.562 [restartedMain] INFO  o.s.d.r.c.RepositoryConfigurationDelegate - Bootstrapping Spring Data JPA repositories in DEFAULT mode.
2024-11-07 14:47:02.566 [restartedMain] INFO  o.s.d.r.c.RepositoryConfigurationDelegate - Finished Spring Data repository scanning in 3 ms. Found 0 JPA repository interfaces.
2024-11-07 14:47:02.757 [restartedMain] INFO  o.s.b.w.e.tomcat.TomcatWebServer - Tomcat initialized with port 80 (http)
2024-11-07 14:47:02.758 [restartedMain] INFO  o.a.coyote.http11.Http11NioProtocol - Initializing ProtocolHandler ["http-nio-80"]
2024-11-07 14:47:02.758 [restartedMain] INFO  o.a.catalina.core.StandardService - Starting service [Tomcat]
2024-11-07 14:47:02.758 [restartedMain] INFO  o.a.catalina.core.StandardEngine - Starting Servlet engine: [Apache Tomcat/10.1.30]
2024-11-07 14:47:02.780 [restartedMain] INFO  o.a.c.c.C.[Tomcat].[localhost].[/] - Initializing Spring embedded WebApplicationContext
2024-11-07 14:47:02.780 [restartedMain] INFO  o.s.b.w.s.c.ServletWebServerApplicationContext - Root WebApplicationContext: initialization completed in 593 ms
2024-11-07 14:47:02.838 [restartedMain] INFO  com.zaxxer.hikari.HikariDataSource - HikariPool-4 - Starting...
2024-11-07 14:47:02.840 [restartedMain] INFO  com.zaxxer.hikari.pool.HikariPool - HikariPool-4 - Added connection conn30: url=jdbc:h2:mem:3a96333d-d4d7-4e77-a9e6-348607d8a29b user=SA
2024-11-07 14:47:02.840 [restartedMain] INFO  com.zaxxer.hikari.HikariDataSource - HikariPool-4 - Start completed.
2024-11-07 14:47:02.840 [restartedMain] INFO  o.s.b.a.h.H2ConsoleAutoConfiguration - H2 console available at '/h2-console'. Database available at 'jdbc:h2:mem:3a96333d-d4d7-4e77-a9e6-348607d8a29b'
2024-11-07 14:47:02.893 [restartedMain] INFO  o.h.jpa.internal.util.LogHelper - HHH000204: Processing PersistenceUnitInfo [name: default]
2024-11-07 14:47:02.895 [restartedMain] INFO  o.h.c.i.RegionFactoryInitiator - HHH000026: Second-level cache disabled
2024-11-07 14:47:02.902 [restartedMain] INFO  o.s.o.j.p.SpringPersistenceUnitInfo - No LoadTimeWeaver setup: ignoring JPA class transformer
2024-11-07 14:47:02.918 [restartedMain] INFO  o.h.e.t.j.p.i.JtaPlatformInitiator - HHH000489: No JTA platform available (set 'hibernate.transaction.jta.platform' to enable JTA platform integration)
2024-11-07 14:47:02.918 [restartedMain] INFO  o.s.o.j.LocalContainerEntityManagerFactoryBean - Initialized JPA EntityManagerFactory for persistence unit 'default'
2024-11-07 14:47:02.957 [restartedMain] WARN  o.s.b.a.o.j.JpaBaseConfiguration$JpaWebConfiguration - spring.jpa.open-in-view is enabled by default. Therefore, database queries may be performed during view rendering. Explicitly configure spring.jpa.open-in-view to disable this warning
2024-11-07 14:47:02.993 [restartedMain] INFO  o.s.b.a.w.s.WelcomePageHandlerMapping - Adding welcome page: class path resource [static/index.html]
2024-11-07 14:47:03.169 [restartedMain] INFO  o.s.b.a.e.web.EndpointLinksResolver - Exposing 1 endpoint beneath base path '/actuator'
2024-11-07 14:47:03.771 [restartedMain] INFO  o.s.b.d.a.OptionalLiveReloadServer - LiveReload server is running on port 35729
2024-11-07 14:47:03.785 [restartedMain] INFO  o.a.coyote.http11.Http11NioProtocol - Starting ProtocolHandler ["http-nio-80"]
2024-11-07 14:47:03.802 [restartedMain] INFO  o.s.b.w.e.tomcat.TomcatWebServer - Tomcat started on port 80 (http) with context path '/'
2024-11-07 14:47:03.807 [restartedMain] INFO  c.h.onlinebooking.ui.UiApplication - Started UiApplication in 1.67 seconds (process running for 301.276)
2024-11-07 14:47:03.809 [restartedMain] INFO  o.s.b.d.a.ConditionEvaluationDeltaLoggingListener - Condition evaluation unchanged
2024-11-07 14:47:54.609 [SpringApplicationShutdownHook] INFO  o.s.o.j.LocalContainerEntityManagerFactoryBean - Closing JPA EntityManagerFactory for persistence unit 'default'
2024-11-07 14:47:54.610 [SpringApplicationShutdownHook] WARN  o.s.b.f.s.DisposableBeanAdapter - Invocation of destroy method failed on bean with name 'inMemoryDatabaseShutdownExecutor': org.h2.jdbc.JdbcSQLNonTransientConnectionException: Database is already closed (to disable automatic closing at VM shutdown, add ";DB_CLOSE_ON_EXIT=FALSE" to the db URL) [90121-224]
2024-11-07 14:47:54.611 [SpringApplicationShutdownHook] INFO  com.zaxxer.hikari.HikariDataSource - HikariPool-4 - Shutdown initiated...
2024-11-07 14:47:54.614 [SpringApplicationShutdownHook] INFO  com.zaxxer.hikari.HikariDataSource - HikariPool-4 - Shutdown completed.
2024-11-07 14:47:59.818 [background-preinit] INFO  o.h.validator.internal.util.Version - HV000001: Hibernate Validator 8.0.1.Final
2024-11-07 14:47:59.862 [restartedMain] INFO  c.h.onlinebooking.ui.UiApplication - Starting UiApplication using Java 21.0.4 with PID 57184 (D:\hbo\study\2024\Project\hotel-booking\ui-service\build\classes\java\main started by hbo in D:\hbo\study\2024\Project\hotel-booking)
2024-11-07 14:47:59.863 [restartedMain] INFO  c.h.onlinebooking.ui.UiApplication - No active profile set, falling back to 1 default profile: "default"
2024-11-07 14:47:59.906 [restartedMain] INFO  o.s.b.d.restart.ChangeableUrls - The Class-Path manifest attribute in C:\Users\hbo\.gradle\caches\modules-2\files-2.1\org.glassfish.hk2\hk2\3.0.6\12187beb6321e6a7fdc2ef4d196e16c8c58a3a1\hk2-3.0.6.jar referenced one or more files that do not exist: file:/C:/Users/hbo/.gradle/caches/modules-2/files-2.1/org.glassfish.hk2/hk2/3.0.6/12187beb6321e6a7fdc2ef4d196e16c8c58a3a1/hk2-utils.jar,file:/C:/Users/hbo/.gradle/caches/modules-2/files-2.1/org.glassfish.hk2/hk2/3.0.6/12187beb6321e6a7fdc2ef4d196e16c8c58a3a1/jakarta.annotation-api.jar,file:/C:/Users/hbo/.gradle/caches/modules-2/files-2.1/org.glassfish.hk2/hk2/3.0.6/12187beb6321e6a7fdc2ef4d196e16c8c58a3a1/jakarta.inject-api.jar,file:/C:/Users/hbo/.gradle/caches/modules-2/files-2.1/org.glassfish.hk2/hk2/3.0.6/12187beb6321e6a7fdc2ef4d196e16c8c58a3a1/hk2-api.jar,file:/C:/Users/hbo/.gradle/caches/modules-2/files-2.1/org.glassfish.hk2/hk2/3.0.6/12187beb6321e6a7fdc2ef4d196e16c8c58a3a1/aopalliance-repackaged.jar,file:/C:/Users/hbo/.gradle/caches/modules-2/files-2.1/org.glassfish.hk2/hk2/3.0.6/12187beb6321e6a7fdc2ef4d196e16c8c58a3a1/hk2-core.jar,file:/C:/Users/hbo/.gradle/caches/modules-2/files-2.1/org.glassfish.hk2/hk2/3.0.6/12187beb6321e6a7fdc2ef4d196e16c8c58a3a1/hk2-locator.jar,file:/C:/Users/hbo/.gradle/caches/modules-2/files-2.1/org.glassfish.hk2/hk2/3.0.6/12187beb6321e6a7fdc2ef4d196e16c8c58a3a1/javassist.jar,file:/C:/Users/hbo/.gradle/caches/modules-2/files-2.1/org.glassfish.hk2/hk2/3.0.6/12187beb6321e6a7fdc2ef4d196e16c8c58a3a1/hk2-runlevel.jar,file:/C:/Users/hbo/.gradle/caches/modules-2/files-2.1/org.glassfish.hk2/hk2/3.0.6/12187beb6321e6a7fdc2ef4d196e16c8c58a3a1/class-model.jar,file:/C:/Users/hbo/.gradle/caches/modules-2/files-2.1/org.glassfish.hk2/hk2/3.0.6/12187beb6321e6a7fdc2ef4d196e16c8c58a3a1/asm.jar,file:/C:/Users/hbo/.gradle/caches/modules-2/files-2.1/org.glassfish.hk2/hk2/3.0.6/12187beb6321e6a7fdc2ef4d196e16c8c58a3a1/asm-analysis.jar,file:/C:/Users/hbo/.gradle/caches/modules-2/files-2.1/org.glassfish.hk2/hk2/3.0.6/12187beb6321e6a7fdc2ef4d196e16c8c58a3a1/asm-commons.jar,file:/C:/Users/hbo/.gradle/caches/modules-2/files-2.1/org.glassfish.hk2/hk2/3.0.6/12187beb6321e6a7fdc2ef4d196e16c8c58a3a1/asm-tree.jar,file:/C:/Users/hbo/.gradle/caches/modules-2/files-2.1/org.glassfish.hk2/hk2/3.0.6/12187beb6321e6a7fdc2ef4d196e16c8c58a3a1/asm-util.jar
2024-11-07 14:47:59.906 [restartedMain] INFO  o.s.b.d.e.DevToolsPropertyDefaultsPostProcessor - Devtools property defaults active! Set 'spring.devtools.add-properties' to 'false' to disable
2024-11-07 14:47:59.906 [restartedMain] INFO  o.s.b.d.e.DevToolsPropertyDefaultsPostProcessor - For additional web related logging consider setting the 'logging.level.web' property to 'DEBUG'
2024-11-07 14:48:01.169 [restartedMain] INFO  o.s.d.r.c.RepositoryConfigurationDelegate - Bootstrapping Spring Data JPA repositories in DEFAULT mode.
2024-11-07 14:48:01.214 [restartedMain] INFO  o.s.d.r.c.RepositoryConfigurationDelegate - Finished Spring Data repository scanning in 28 ms. Found 0 JPA repository interfaces.
2024-11-07 14:48:02.339 [restartedMain] INFO  o.s.b.w.e.tomcat.TomcatWebServer - Tomcat initialized with port 80 (http)
2024-11-07 14:48:02.350 [restartedMain] INFO  o.a.coyote.http11.Http11NioProtocol - Initializing ProtocolHandler ["http-nio-80"]
2024-11-07 14:48:02.353 [restartedMain] INFO  o.a.catalina.core.StandardService - Starting service [Tomcat]
2024-11-07 14:48:02.353 [restartedMain] INFO  o.a.catalina.core.StandardEngine - Starting Servlet engine: [Apache Tomcat/10.1.30]
2024-11-07 14:48:02.427 [restartedMain] INFO  o.a.c.c.C.[Tomcat].[localhost].[/] - Initializing Spring embedded WebApplicationContext
2024-11-07 14:48:02.427 [restartedMain] INFO  o.s.b.w.s.c.ServletWebServerApplicationContext - Root WebApplicationContext: initialization completed in 2520 ms
2024-11-07 14:48:02.580 [restartedMain] INFO  com.zaxxer.hikari.HikariDataSource - HikariPool-1 - Starting...
2024-11-07 14:48:02.791 [restartedMain] INFO  com.zaxxer.hikari.pool.HikariPool - HikariPool-1 - Added connection conn0: url=jdbc:h2:mem:2b61b4b7-227f-41ee-adab-a37775fbc0ec user=SA
2024-11-07 14:48:02.792 [restartedMain] INFO  com.zaxxer.hikari.HikariDataSource - HikariPool-1 - Start completed.
2024-11-07 14:48:02.802 [restartedMain] INFO  o.s.b.a.h.H2ConsoleAutoConfiguration - H2 console available at '/h2-console'. Database available at 'jdbc:h2:mem:2b61b4b7-227f-41ee-adab-a37775fbc0ec'
2024-11-07 14:48:03.044 [restartedMain] INFO  o.h.jpa.internal.util.LogHelper - HHH000204: Processing PersistenceUnitInfo [name: default]
2024-11-07 14:48:03.107 [restartedMain] INFO  org.hibernate.Version - HHH000412: Hibernate ORM core version 6.5.3.Final
2024-11-07 14:48:03.152 [restartedMain] INFO  o.h.c.i.RegionFactoryInitiator - HHH000026: Second-level cache disabled
2024-11-07 14:48:03.571 [restartedMain] INFO  o.s.o.j.p.SpringPersistenceUnitInfo - No LoadTimeWeaver setup: ignoring JPA class transformer
2024-11-07 14:48:03.986 [restartedMain] INFO  o.h.e.t.j.p.i.JtaPlatformInitiator - HHH000489: No JTA platform available (set 'hibernate.transaction.jta.platform' to enable JTA platform integration)
2024-11-07 14:48:03.997 [restartedMain] INFO  o.s.o.j.LocalContainerEntityManagerFactoryBean - Initialized JPA EntityManagerFactory for persistence unit 'default'
2024-11-07 14:48:04.110 [restartedMain] WARN  o.s.b.a.o.j.JpaBaseConfiguration$JpaWebConfiguration - spring.jpa.open-in-view is enabled by default. Therefore, database queries may be performed during view rendering. Explicitly configure spring.jpa.open-in-view to disable this warning
2024-11-07 14:48:04.287 [restartedMain] INFO  o.s.b.a.w.s.WelcomePageHandlerMapping - Adding welcome page: class path resource [static/index.html]
2024-11-07 14:48:04.672 [restartedMain] INFO  o.s.b.a.e.web.EndpointLinksResolver - Exposing 1 endpoint beneath base path '/actuator'
2024-11-07 14:48:06.223 [restartedMain] INFO  o.s.b.d.a.OptionalLiveReloadServer - LiveReload server is running on port 35729
2024-11-07 14:48:06.307 [restartedMain] INFO  o.a.coyote.http11.Http11NioProtocol - Starting ProtocolHandler ["http-nio-80"]
2024-11-07 14:48:06.328 [restartedMain] INFO  o.s.b.w.e.tomcat.TomcatWebServer - Tomcat started on port 80 (http) with context path '/'
2024-11-07 14:48:06.340 [restartedMain] INFO  c.h.onlinebooking.ui.UiApplication - Started UiApplication in 6.863 seconds (process running for 8.163)
2024-11-07 14:48:06.844 [RMI TCP Connection(2)-10.84.5.73] INFO  o.a.c.c.C.[Tomcat].[localhost].[/] - Initializing Spring DispatcherServlet 'dispatcherServlet'
2024-11-07 14:48:06.844 [RMI TCP Connection(2)-10.84.5.73] INFO  o.s.web.servlet.DispatcherServlet - Initializing Servlet 'dispatcherServlet'
2024-11-07 14:48:06.847 [RMI TCP Connection(2)-10.84.5.73] INFO  o.s.web.servlet.DispatcherServlet - Completed initialization in 3 ms
